2022-04-12T09:31:38.731Z - [INFO   ] - server is running on 3000
2022-04-12T09:31:43.619Z - [INFO   ] - connected to db
2022-04-12T09:58:00.659Z - [INFO   ] - server is running on 3000
2022-04-12T09:58:10.605Z - [INFO   ] - connected to db
2022-04-12T10:13:09.316Z - [INFO   ] - inside create booking
2022-04-12T10:13:22.229Z - [INFO   ] - inside create booking
2022-04-12T10:13:26.154Z - [INFO   ] - inside get all bookings
2022-04-12T10:30:57.407Z - [INFO   ] - server is running on 3000
2022-04-12T10:30:59.675Z - [INFO   ] - connected to db
2022-04-12T10:48:08.746Z - [INFO   ] - server is running on 3000
2022-04-12T10:48:09.420Z - [INFO   ] - connected to db
2022-04-13T06:08:04.021Z - [INFO   ] - server is running on 3000
2022-04-13T06:08:08.101Z - [INFO   ] - connected to db
2022-04-13T06:36:13.132Z - [INFO   ] - server is running on 3000
2022-04-13T06:36:13.633Z - [INFO   ] - connected to db
2022-04-13T07:04:25.390Z - [[32MINFO[39M] - server is running on 3000
2022-04-13T07:04:25.849Z - [[32MINFO[39M] - connected to db
2022-04-13T07:04:40.191Z - [INFO   ] - server is running on 3000
2022-04-13T07:04:40.533Z - [INFO   ] - connected to db
2022-04-13T10:38:56.803Z - [INFO   ] - server is running on 3000
2022-04-13T10:38:57.731Z - [INFO   ] - connected to db
